<?xml version="1.0" encoding="UTF-8"?>
<!-- Generated by org.testng.reporters.JUnitReportReporter -->
<testsuite hostname="WINCTRL-FFMOACO" name="com.quickride.scripts.UserConfigTest" tests="1" failures="0" timestamp="11 Mar 2016 10:58:12 GMT" time="104.151" errors="0">
  <testcase name="testUserupdating" time="104.151" classname="com.quickride.scripts.UserConfigTest"/>
</testsuite> <!-- com.quickride.scripts.UserConfigTest -->
