<?xml version="1.0" encoding="UTF-8"?>
<!-- Generated by org.testng.reporters.JUnitReportReporter -->
<testsuite hostname="WINCTRL-FFMOACO" name="com.quickride.scripts.FeedbackTest" tests="1" failures="0" timestamp="11 Mar 2016 13:00:52 GMT" time="672.851" errors="0">
  <testcase name="testratingFeedback" time="672.851" classname="com.quickride.scripts.FeedbackTest"/>
</testsuite> <!-- com.quickride.scripts.FeedbackTest -->
