<?xml version="1.0" encoding="UTF-8"?>
<!-- Generated by org.testng.reporters.JUnitReportReporter -->
<testsuite hostname="WINCTRL-FFMOACO" name="com.quickride.scripts.SocialGuestTest" tests="1" failures="0" timestamp="11 Mar 2016 13:23:47 GMT" time="66.007" errors="0">
  <testcase name="testFBLogin" time="66.007" classname="com.quickride.scripts.SocialGuestTest"/>
</testsuite> <!-- com.quickride.scripts.SocialGuestTest -->
