<?xml version="1.0" encoding="UTF-8"?>
<!-- Generated by org.testng.reporters.JUnitReportReporter -->
<testsuite hostname="WINCTRL-FFMOACO" name="com.quickride.scripts.RideMatchConstraintsTest" tests="1" failures="0" timestamp="11 Mar 2016 13:40:35 GMT" time="342.811" errors="0">
  <testcase name="testSameCompany" time="342.811" classname="com.quickride.scripts.RideMatchConstraintsTest"/>
</testsuite> <!-- com.quickride.scripts.RideMatchConstraintsTest -->
